<?xml version="1.0" encoding="UTF-8"?>
<robot generator="Robot 4.1.2 (Python 3.8.8 on win32)" generated="20211213 17:13:17.608" rpa="false" schemaversion="2">
<suite id="s1" name="Tests" source="D:\Jacob Sy\Documents\De La Salle University\A.Y. 2021-2022\Term 1\STSWENG\SauceDemoRobot\tests">
<suite id="s1-s1" name="Valid Login" source="D:\Jacob Sy\Documents\De La Salle University\A.Y. 2021-2022\Term 1\STSWENG\SauceDemoRobot\tests\valid_login.robot">
<test id="s1-s1-t1" name="Valid Login">
<kw name="Open Browser" library="SeleniumLibrary">
<arg>https://www.saucedemo.com/</arg>
<arg>chrome</arg>
<doc>Opens a new browser instance to the optional ``url``.</doc>
<msg timestamp="20211213 17:13:17.811" level="INFO">Opening browser 'chrome' to base url 'https://www.saucedemo.com/'.</msg>
<status status="PASS" starttime="20211213 17:13:17.811" endtime="20211213 17:13:19.622"/>
</kw>
<kw name="Maximize Browser Window" library="SeleniumLibrary">
<doc>Maximizes current browser window.</doc>
<status status="PASS" starttime="20211213 17:13:19.622" endtime="20211213 17:13:19.747"/>
</kw>
<kw name="Page Should Contain Element" library="SeleniumLibrary">
<arg>login-button</arg>
<doc>Verifies that element ``locator`` is found on the current page.</doc>
<msg timestamp="20211213 17:13:19.755" level="INFO">Current page contains element 'login-button'.</msg>
<status status="PASS" starttime="20211213 17:13:19.747" endtime="20211213 17:13:19.755"/>
</kw>
<kw name="Input Text" library="SeleniumLibrary">
<arg>user-name</arg>
<arg>standard_user</arg>
<doc>Types the given ``text`` into the text field identified by ``locator``.</doc>
<msg timestamp="20211213 17:13:19.756" level="INFO">Typing text 'standard_user' into text field 'user-name'.</msg>
<status status="PASS" starttime="20211213 17:13:19.756" endtime="20211213 17:13:19.825"/>
</kw>
<kw name="Input Password" library="SeleniumLibrary">
<arg>password</arg>
<arg>secret_sauce</arg>
<doc>Types the given password into the text field identified by ``locator``.</doc>
<msg timestamp="20211213 17:13:19.826" level="INFO">Typing password into text field 'password'.</msg>
<msg timestamp="20211213 17:13:19.853" level="INFO">Temporally setting log level to: NONE</msg>
<msg timestamp="20211213 17:13:19.885" level="INFO">Log level changed from NONE to INFO.</msg>
<status status="PASS" starttime="20211213 17:13:19.825" endtime="20211213 17:13:19.886"/>
</kw>
<kw name="Click Button" library="SeleniumLibrary">
<arg>login-button</arg>
<doc>Clicks the button identified by ``locator``.</doc>
<msg timestamp="20211213 17:13:19.886" level="INFO">Clicking button 'login-button'.</msg>
<status status="PASS" starttime="20211213 17:13:19.886" endtime="20211213 17:13:19.962"/>
</kw>
<kw name="Element Text Should Be" library="SeleniumLibrary">
<arg>class:title</arg>
<arg>PRODUCTS</arg>
<doc>Verifies that element ``locator`` contains exact the text ``expected``.</doc>
<msg timestamp="20211213 17:13:19.963" level="INFO">Verifying element 'class:title' contains exact text 'PRODUCTS'.</msg>
<status status="PASS" starttime="20211213 17:13:19.963" endtime="20211213 17:13:19.982"/>
</kw>
<kw name="Close Browser" library="SeleniumLibrary" type="TEARDOWN">
<doc>Closes the current browser.</doc>
<status status="PASS" starttime="20211213 17:13:19.982" endtime="20211213 17:13:22.059"/>
</kw>
<status status="PASS" starttime="20211213 17:13:17.810" endtime="20211213 17:13:22.060"/>
</test>
<doc>A test suite with a single test for valid login

This test follows the example using keywords from
the SeleniumLibrary</doc>
<status status="PASS" starttime="20211213 17:13:17.631" endtime="20211213 17:13:22.061"/>
</suite>
<status status="PASS" starttime="20211213 17:13:17.609" endtime="20211213 17:13:22.063"/>
</suite>
<statistics>
<total>
<stat pass="1" fail="0" skip="0">All Tests</stat>
</total>
<tag>
</tag>
<suite>
<stat pass="1" fail="0" skip="0" id="s1" name="Tests">Tests</stat>
<stat pass="1" fail="0" skip="0" id="s1-s1" name="Valid Login">Tests.Valid Login</stat>
</suite>
</statistics>
<errors>
</errors>
</robot>
